<?xml version="1.0" encoding="UTF-8"?>
<coverage generated="1490361395">
  <project timestamp="1490361395">
    <package name="Gpupo\Similarity\Input">
      <file name="/Users/gilmar.pupo/workspace/Gpupo/similarity/src/Input/Costs.php">
        <class name="Costs" namespace="Gpupo\Similarity\Input">
          <metrics methods="1" coveredmethods="0" conditionals="0" coveredconditionals="0" statements="7" coveredstatements="4" elements="8" coveredelements="4"/>
        </class>
        <line num="19" type="method" name="__construct" crap="2.31" count="82"/>
        <line num="22" type="stmt" count="82"/>
        <line num="23" type="stmt" count="82"/>
        <line num="26" type="stmt" count="0"/>
        <line num="27" type="stmt" count="0"/>
        <line num="28" type="stmt" count="0"/>
        <line num="32" type="stmt" count="82"/>
        <line num="33" type="stmt" count="82"/>
        <metrics loc="34" ncloc="23" classes="1" methods="1" coveredmethods="0" conditionals="0" coveredconditionals="0" statements="7" coveredstatements="4" elements="8" coveredelements="4"/>
      </file>
      <file name="/Users/gilmar.pupo/workspace/Gpupo/similarity/src/Input/Decorator.php">
        <class name="Decorator" namespace="Gpupo\Similarity\Input">
          <metrics methods="6" coveredmethods="6" conditionals="0" coveredconditionals="0" statements="11" coveredstatements="11" elements="17" coveredelements="17"/>
        </class>
        <line num="26" type="method" name="stripIgnoredCharacters" crap="1" count="42"/>
        <line num="28" type="stmt" count="42"/>
        <line num="30" type="stmt" count="42"/>
        <line num="33" type="method" name="stripStopwords" crap="1" count="6"/>
        <line num="36" type="stmt" count="6"/>
        <line num="37" type="stmt" count="6"/>
        <line num="39" type="method" name="anonymous function" crap="1" count="6"/>
        <line num="40" type="stmt" count="6"/>
        <line num="42" type="stmt" count="6"/>
        <line num="43" type="stmt" count="6"/>
        <line num="45" type="stmt" count="6"/>
        <line num="47" type="stmt" count="6"/>
        <line num="50" type="method" name="stripMultipleSpaces" crap="1" count="42"/>
        <line num="52" type="stmt" count="42"/>
        <line num="55" type="method" name="stripSpaces" crap="1" count="92"/>
        <line num="57" type="stmt" count="92"/>
        <line num="60" type="method" name="onlyNumbers" crap="1" count="50"/>
        <line num="62" type="stmt" count="50"/>
        <line num="64" type="stmt" count="50"/>
        <metrics loc="66" ncloc="48" classes="1" methods="6" coveredmethods="6" conditionals="0" coveredconditionals="0" statements="13" coveredstatements="13" elements="19" coveredelements="19"/>
      </file>
      <file name="/Users/gilmar.pupo/workspace/Gpupo/similarity/src/Input/InputAbstract.php">
        <class name="InputAbstract" namespace="Gpupo\Similarity\Input">
          <metrics methods="10" coveredmethods="7" conditionals="0" coveredconditionals="0" statements="23" coveredstatements="20" elements="33" coveredelements="27"/>
        </class>
        <line num="19" type="method" name="__construct" crap="2.01" count="82"/>
        <line num="22" type="stmt" count="82"/>
        <line num="23" type="stmt" count="0"/>
        <line num="26" type="stmt" count="82"/>
        <line num="27" type="stmt" count="82"/>
        <line num="28" type="stmt" count="82"/>
        <line num="31" type="stmt" count="82"/>
        <line num="33" type="stmt" count="82"/>
        <line num="34" type="stmt" count="82"/>
        <line num="36" type="method" name="setFirst" crap="2" count="0"/>
        <line num="38" type="stmt" count="0"/>
        <line num="41" type="method" name="setSecond" crap="2" count="0"/>
        <line num="43" type="stmt" count="0"/>
        <line num="46" type="method" name="setCostsByArray" crap="1" count="82"/>
        <line num="48" type="stmt" count="82"/>
        <line num="49" type="stmt" count="82"/>
        <line num="51" type="method" name="setStopwords" crap="1" count="6"/>
        <line num="53" type="stmt" count="6"/>
        <line num="54" type="stmt" count="6"/>
        <line num="56" type="method" name="getStopwords" crap="1" count="39"/>
        <line num="58" type="stmt" count="39"/>
        <line num="61" type="method" name="constructCosts" crap="2" count="82"/>
        <line num="63" type="stmt" count="82"/>
        <line num="65" type="stmt" count="82"/>
        <line num="68" type="method" name="setCosts" crap="1" count="82"/>
        <line num="70" type="stmt" count="82"/>
        <line num="73" type="method" name="set" crap="1" count="82"/>
        <line num="75" type="stmt" count="82"/>
        <line num="76" type="stmt" count="82"/>
        <line num="78" type="method" name="get" crap="2" count="82"/>
        <line num="80" type="stmt" count="82"/>
        <line num="81" type="stmt" count="82"/>
        <line num="83" type="stmt" count="33"/>
        <metrics loc="84" ncloc="73" classes="1" methods="10" coveredmethods="7" conditionals="0" coveredconditionals="0" statements="23" coveredstatements="20" elements="33" coveredelements="27"/>
      </file>
      <file name="/Users/gilmar.pupo/workspace/Gpupo/similarity/src/Input/InputNumber.php">
        <class name="InputNumber" namespace="Gpupo\Similarity\Input">
          <metrics methods="1" coveredmethods="1" conditionals="0" coveredconditionals="0" statements="3" coveredstatements="3" elements="4" coveredelements="4"/>
        </class>
        <line num="19" type="method" name="getCleanStringValue" crap="1" count="43"/>
        <line num="21" type="stmt" count="43"/>
        <line num="22" type="stmt" count="43"/>
        <line num="24" type="stmt" count="43"/>
        <metrics loc="26" ncloc="15" classes="1" methods="1" coveredmethods="1" conditionals="0" coveredconditionals="0" statements="3" coveredstatements="3" elements="4" coveredelements="4"/>
      </file>
      <file name="/Users/gilmar.pupo/workspace/Gpupo/similarity/src/Input/InputString.php">
        <class name="InputString" namespace="Gpupo\Similarity\Input">
          <metrics methods="4" coveredmethods="4" conditionals="0" coveredconditionals="0" statements="9" coveredstatements="9" elements="13" coveredelements="13"/>
        </class>
        <line num="19" type="method" name="getCleanStringValue" crap="2" count="39"/>
        <line num="21" type="stmt" count="39"/>
        <line num="22" type="stmt" count="39"/>
        <line num="23" type="stmt" count="39"/>
        <line num="25" type="stmt" count="39"/>
        <line num="26" type="stmt" count="6"/>
        <line num="29" type="stmt" count="33"/>
        <line num="32" type="method" name="getFirst" crap="1" count="82"/>
        <line num="34" type="stmt" count="82"/>
        <line num="37" type="method" name="getSecond" crap="1" count="68"/>
        <line num="39" type="stmt" count="68"/>
        <line num="42" type="method" name="getCosts" crap="1" count="23"/>
        <line num="44" type="stmt" count="23"/>
        <metrics loc="46" ncloc="35" classes="1" methods="4" coveredmethods="4" conditionals="0" coveredconditionals="0" statements="9" coveredstatements="9" elements="13" coveredelements="13"/>
      </file>
    </package>
    <file name="/Users/gilmar.pupo/workspace/Gpupo/similarity/src/Input/InputInterface.php">
      <metrics loc="22" ncloc="11" classes="0" methods="0" coveredmethods="0" conditionals="0" coveredconditionals="0" statements="0" coveredstatements="0" elements="0" coveredelements="0"/>
    </file>
    <file name="/Users/gilmar.pupo/workspace/Gpupo/similarity/src/SimilarInterface.php">
      <metrics loc="20" ncloc="9" classes="0" methods="0" coveredmethods="0" conditionals="0" coveredconditionals="0" statements="0" coveredstatements="0" elements="0" coveredelements="0"/>
    </file>
    <package name="Gpupo\Similarity">
      <file name="/Users/gilmar.pupo/workspace/Gpupo/similarity/src/SimilarNumber.php">
        <class name="SimilarNumber" namespace="Gpupo\Similarity">
          <metrics methods="5" coveredmethods="5" conditionals="0" coveredconditionals="0" statements="19" coveredstatements="19" elements="24" coveredelements="24"/>
        </class>
        <line num="19" type="method" name="hasSimilarity" crap="3" count="21"/>
        <line num="21" type="stmt" count="21"/>
        <line num="22" type="stmt" count="8"/>
        <line num="25" type="stmt" count="13"/>
        <line num="26" type="stmt" count="5"/>
        <line num="29" type="stmt" count="8"/>
        <line num="32" type="method" name="isEquals" crap="2" count="28"/>
        <line num="34" type="stmt" count="28"/>
        <line num="35" type="stmt" count="15"/>
        <line num="38" type="stmt" count="13"/>
        <line num="41" type="method" name="getProximityCalculation" crap="1" count="21"/>
        <line num="44" type="stmt" count="21"/>
        <line num="45" type="stmt" count="21"/>
        <line num="47" type="stmt" count="21"/>
        <line num="48" type="stmt" count="21"/>
        <line num="50" type="stmt" count="21"/>
        <line num="53" type="method" name="getLimitOfProximity" crap="1" count="21"/>
        <line num="56" type="stmt" count="21"/>
        <line num="57" type="stmt" count="21"/>
        <line num="60" type="stmt" count="21"/>
        <line num="62" type="stmt" count="21"/>
        <line num="65" type="method" name="__toArray" crap="1" count="8"/>
        <line num="67" type="stmt" count="8"/>
        <line num="68" type="stmt" count="8"/>
        <metrics loc="71" ncloc="60" classes="1" methods="5" coveredmethods="5" conditionals="0" coveredconditionals="0" statements="19" coveredstatements="19" elements="24" coveredelements="24"/>
      </file>
      <file name="/Users/gilmar.pupo/workspace/Gpupo/similarity/src/SimilarText.php">
        <class name="SimilarText" namespace="Gpupo\Similarity">
          <metrics methods="8" coveredmethods="8" conditionals="0" coveredconditionals="0" statements="44" coveredstatements="44" elements="52" coveredelements="52"/>
        </class>
        <line num="19" type="method" name="hasSimilarity" crap="3" count="20"/>
        <line num="21" type="stmt" count="20"/>
        <line num="22" type="stmt" count="4"/>
        <line num="25" type="stmt" count="18"/>
        <line num="26" type="stmt" count="9"/>
        <line num="29" type="stmt" count="9"/>
        <line num="32" type="method" name="getPercent" crap="1" count="27"/>
        <line num="34" type="stmt" count="27"/>
        <line num="35" type="stmt" count="27"/>
        <line num="36" type="stmt" count="27"/>
        <line num="40" type="method" name="getLevenshteinDistance" crap="1" count="23"/>
        <line num="42" type="stmt" count="23"/>
        <line num="43" type="stmt" count="23"/>
        <line num="44" type="stmt" count="23"/>
        <line num="45" type="stmt" count="23"/>
        <line num="46" type="stmt" count="23"/>
        <line num="47" type="stmt" count="23"/>
        <line num="51" type="method" name="getLevenshteinHardDistance" crap="1" count="18"/>
        <line num="53" type="stmt" count="18"/>
        <line num="54" type="stmt" count="18"/>
        <line num="55" type="stmt" count="18"/>
        <line num="59" type="method" name="getProximityCalculation" crap="3" count="18"/>
        <line num="62" type="stmt" count="18"/>
        <line num="63" type="stmt" count="18"/>
        <line num="65" type="stmt" count="18"/>
        <line num="66" type="stmt" count="18"/>
        <line num="67" type="stmt" count="18"/>
        <line num="68" type="stmt" count="18"/>
        <line num="70" type="stmt" count="18"/>
        <line num="71" type="stmt" count="18"/>
        <line num="72" type="stmt" count="13"/>
        <line num="73" type="stmt" count="13"/>
        <line num="75" type="stmt" count="5"/>
        <line num="76" type="stmt" count="5"/>
        <line num="79" type="stmt" count="18"/>
        <line num="82" type="method" name="getLimitOfProximity" crap="1" count="18"/>
        <line num="85" type="stmt" count="18"/>
        <line num="86" type="stmt" count="18"/>
        <line num="87" type="stmt" count="18"/>
        <line num="90" type="stmt" count="18"/>
        <line num="92" type="stmt" count="18"/>
        <line num="95" type="method" name="calculatePercent" crap="1" count="27"/>
        <line num="97" type="stmt" count="27"/>
        <line num="98" type="stmt" count="27"/>
        <line num="100" type="stmt" count="27"/>
        <line num="103" type="method" name="calculatePercentExtended" crap="2" count="27"/>
        <line num="105" type="stmt" count="27"/>
        <line num="108" type="stmt" count="27"/>
        <line num="109" type="stmt" count="27"/>
        <line num="110" type="stmt" count="27"/>
        <line num="112" type="stmt" count="27"/>
        <line num="115" type="stmt" count="27"/>
        <metrics loc="126" ncloc="115" classes="1" methods="8" coveredmethods="8" conditionals="0" coveredconditionals="0" statements="44" coveredstatements="44" elements="52" coveredelements="52"/>
      </file>
      <file name="/Users/gilmar.pupo/workspace/Gpupo/similarity/src/Similarity.php">
        <class name="Similarity" namespace="Gpupo\Similarity">
          <metrics methods="8" coveredmethods="7" conditionals="0" coveredconditionals="0" statements="21" coveredstatements="20" elements="29" coveredelements="27"/>
        </class>
        <line num="30" type="method" name="getMode" crap="2" count="41"/>
        <line num="32" type="stmt" count="41"/>
        <line num="33" type="stmt" count="21"/>
        <line num="36" type="stmt" count="20"/>
        <line num="39" type="method" name="setMode" crap="1" count="41"/>
        <line num="41" type="stmt" count="41"/>
        <line num="42" type="stmt" count="41"/>
        <line num="44" type="stmt" count="41"/>
        <line num="47" type="method" name="setValues" crap="1" count="20"/>
        <line num="49" type="stmt" count="20"/>
        <line num="50" type="stmt" count="20"/>
        <line num="52" type="stmt" count="20"/>
        <line num="54" type="stmt" count="20"/>
        <line num="57" type="method" name="setStopwords" crap="1" count="2"/>
        <line num="59" type="stmt" count="2"/>
        <line num="61" type="stmt" count="2"/>
        <line num="64" type="method" name="setNumberValues" crap="1" count="21"/>
        <line num="66" type="stmt" count="21"/>
        <line num="67" type="stmt" count="21"/>
        <line num="69" type="stmt" count="21"/>
        <line num="71" type="stmt" count="21"/>
        <line num="74" type="method" name="getExpert" crap="2" count="41"/>
        <line num="76" type="stmt" count="41"/>
        <line num="77" type="stmt" count="41"/>
        <line num="80" type="stmt" count="41"/>
        <line num="83" type="method" name="hasSimilarity" crap="1" count="41"/>
        <line num="85" type="stmt" count="41"/>
        <line num="88" type="method" name="__toArray" crap="2" count="0"/>
        <line num="90" type="stmt" count="0"/>
        <metrics loc="92" ncloc="81" classes="1" methods="8" coveredmethods="7" conditionals="0" coveredconditionals="0" statements="21" coveredstatements="20" elements="29" coveredelements="27"/>
      </file>
      <file name="/Users/gilmar.pupo/workspace/Gpupo/similarity/src/SimilarityAbstract.php">
        <class name="SimilarityAbstract" namespace="Gpupo\Similarity">
          <metrics methods="8" coveredmethods="6" conditionals="0" coveredconditionals="0" statements="27" coveredstatements="24" elements="35" coveredelements="30"/>
        </class>
        <line num="27" type="method" name="getAccuracy" crap="2" count="49"/>
        <line num="29" type="stmt" count="49"/>
        <line num="30" type="stmt" count="40"/>
        <line num="33" type="stmt" count="49"/>
        <line num="36" type="method" name="setAccuracy" crap="1" count="49"/>
        <line num="38" type="stmt" count="49"/>
        <line num="40" type="stmt" count="49"/>
        <line num="43" type="method" name="isApproximate" crap="2" count="39"/>
        <line num="45" type="stmt" count="39"/>
        <line num="47" type="stmt" count="39"/>
        <line num="48" type="stmt" count="18"/>
        <line num="51" type="stmt" count="21"/>
        <line num="54" type="method" name="getInput" crap="3.58" count="68"/>
        <line num="56" type="stmt" count="68"/>
        <line num="57" type="stmt" count="0"/>
        <line num="58" type="stmt" count="68"/>
        <line num="59" type="stmt" count="0"/>
        <line num="62" type="stmt" count="68"/>
        <line num="65" type="method" name="factoryExpert" crap="1" count="41"/>
        <line num="67" type="stmt" count="41"/>
        <line num="69" type="stmt" count="41"/>
        <line num="71" type="stmt" count="41"/>
        <line num="74" type="method" name="__construct" crap="3" count="68"/>
        <line num="76" type="stmt" count="68"/>
        <line num="77" type="stmt" count="68"/>
        <line num="80" type="stmt" count="68"/>
        <line num="81" type="stmt" count="41"/>
        <line num="83" type="stmt" count="68"/>
        <line num="85" type="method" name="__toString" crap="2" count="0"/>
        <line num="87" type="stmt" count="0"/>
        <line num="90" type="method" name="__toArray" crap="1" count="8"/>
        <line num="93" type="stmt" count="8"/>
        <line num="94" type="stmt" count="8"/>
        <line num="95" type="stmt" count="8"/>
        <line num="96" type="stmt" count="8"/>
        <metrics loc="99" ncloc="88" classes="1" methods="8" coveredmethods="6" conditionals="0" coveredconditionals="0" statements="27" coveredstatements="24" elements="35" coveredelements="30"/>
      </file>
    </package>
    <metrics files="11" loc="686" ncloc="558" classes="9" methods="51" coveredmethods="44" conditionals="0" coveredconditionals="0" statements="166" coveredstatements="156" elements="217" coveredelements="200"/>
  </project>
</coverage>
